25/03/13 09:38:52 INFO SparkContext: Running Spark version 2.4.3
25/03/13 09:38:52 WARN SparkConf: Note that spark.local.dir will be overridden by the value set by the cluster manager (via SPARK_LOCAL_DIRS in mesos/standalone/kubernetes and LOCAL_DIRS in YARN).
25/03/13 09:38:52 INFO SparkContext: Submitted application: sparklyr
25/03/13 09:38:52 INFO SecurityManager: Changing view acls to: khanh
25/03/13 09:38:52 INFO SecurityManager: Changing modify acls to: khanh
25/03/13 09:38:52 INFO SecurityManager: Changing view acls groups to: 
25/03/13 09:38:52 INFO SecurityManager: Changing modify acls groups to: 
25/03/13 09:38:52 INFO SecurityManager: SecurityManager: authentication disabled; ui acls disabled; users  with view permissions: Set(khanh); groups with view permissions: Set(); users  with modify permissions: Set(khanh); groups with modify permissions: Set()
25/03/13 09:38:52 INFO Utils: Successfully started service 'sparkDriver' on port 58212.
25/03/13 09:38:52 INFO SparkEnv: Registering MapOutputTracker
25/03/13 09:38:52 INFO SparkEnv: Registering BlockManagerMaster
25/03/13 09:38:52 INFO BlockManagerMasterEndpoint: Using org.apache.spark.storage.DefaultTopologyMapper for getting topology information
25/03/13 09:38:52 INFO BlockManagerMasterEndpoint: BlockManagerMasterEndpoint up
25/03/13 09:38:52 INFO DiskBlockManager: Created local directory at C:\Users\khanh\AppData\Local\spark\spark-2.4.3-bin-hadoop2.7\tmp\local\blockmgr-317fe53c-87dc-428e-9fc9-a17a9ec6e748
25/03/13 09:38:52 INFO MemoryStore: MemoryStore started with capacity 912.3 MB
25/03/13 09:38:52 INFO SparkEnv: Registering OutputCommitCoordinator
25/03/13 09:38:52 WARN Utils: The configured local directories are not expected to be URIs; however, got suspicious values [C:/Users/khanh/AppData/Local/spark/spark-2.4.3-bin-hadoop2.7/tmp/local]. Please check your configured local directories.
25/03/13 09:38:52 INFO Utils: Successfully started service 'SparkUI' on port 4040.
25/03/13 09:38:52 INFO SparkUI: Bound SparkUI to 127.0.0.1, and started at http://127.0.0.1:4040
25/03/13 09:38:52 INFO SparkContext: Added JAR file:/C:/Users/khanh/AppData/Local/R/win-library/4.4/sparklyr/java/sparklyr-2.4-2.11.jar at spark://127.0.0.1:58212/jars/sparklyr-2.4-2.11.jar with timestamp 1741833532847
25/03/13 09:38:52 INFO Executor: Starting executor ID driver on host localhost
25/03/13 09:38:52 INFO Utils: Successfully started service 'org.apache.spark.network.netty.NettyBlockTransferService' on port 58253.
25/03/13 09:38:52 INFO NettyBlockTransferService: Server created on 127.0.0.1:58253
25/03/13 09:38:52 INFO BlockManager: Using org.apache.spark.storage.RandomBlockReplicationPolicy for block replication policy
25/03/13 09:38:52 INFO BlockManagerMaster: Registering BlockManager BlockManagerId(driver, 127.0.0.1, 58253, None)
25/03/13 09:38:53 INFO BlockManagerMasterEndpoint: Registering block manager 127.0.0.1:58253 with 912.3 MB RAM, BlockManagerId(driver, 127.0.0.1, 58253, None)
25/03/13 09:38:53 INFO BlockManagerMaster: Registered BlockManager BlockManagerId(driver, 127.0.0.1, 58253, None)
25/03/13 09:38:53 INFO BlockManager: Initialized BlockManager: BlockManagerId(driver, 127.0.0.1, 58253, None)
25/03/13 09:38:53 INFO SharedState: loading hive config file: file:/C:/Users/khanh/AppData/Local/spark/spark-2.4.3-bin-hadoop2.7/conf/hive-site.xml
25/03/13 09:38:53 INFO SharedState: Setting hive.metastore.warehouse.dir ('C:/Users/khanh/AppData/Local/spark/spark-2.4.3-bin-hadoop2.7/tmp/hive') to the value of spark.sql.warehouse.dir ('C:/Users/khanh/AppData/Local/spark/spark-2.4.3-bin-hadoop2.7/tmp/hive').
25/03/13 09:38:53 INFO SharedState: Warehouse path is 'C:/Users/khanh/AppData/Local/spark/spark-2.4.3-bin-hadoop2.7/tmp/hive'.
25/03/13 09:38:53 INFO StateStoreCoordinatorRef: Registered StateStoreCoordinator endpoint
25/03/13 09:38:55 INFO HiveUtils: Initializing HiveMetastoreConnection version 1.2.1 using Spark classes.
25/03/13 09:38:55 INFO HiveMetaStore: 0: Opening raw store with implemenation class:org.apache.hadoop.hive.metastore.ObjectStore
25/03/13 09:38:55 INFO ObjectStore: ObjectStore, initialize called
25/03/13 09:38:55 INFO Persistence: Property hive.metastore.integral.jdo.pushdown unknown - will be ignored
25/03/13 09:38:55 INFO Persistence: Property datanucleus.cache.level2 unknown - will be ignored
25/03/13 09:38:56 INFO ObjectStore: Setting MetaStore object pin classes with hive.metastore.cache.pinobjtypes="Table,StorageDescriptor,SerDeInfo,Partition,Database,Type,FieldSchema,Order"
25/03/13 09:38:57 INFO Datastore: The class "org.apache.hadoop.hive.metastore.model.MFieldSchema" is tagged as "embedded-only" so does not have its own datastore table.
25/03/13 09:38:57 INFO Datastore: The class "org.apache.hadoop.hive.metastore.model.MOrder" is tagged as "embedded-only" so does not have its own datastore table.
25/03/13 09:38:57 INFO Datastore: The class "org.apache.hadoop.hive.metastore.model.MFieldSchema" is tagged as "embedded-only" so does not have its own datastore table.
25/03/13 09:38:57 INFO Datastore: The class "org.apache.hadoop.hive.metastore.model.MOrder" is tagged as "embedded-only" so does not have its own datastore table.
25/03/13 09:38:57 INFO MetaStoreDirectSql: Using direct SQL, underlying DB is DERBY
25/03/13 09:38:57 INFO ObjectStore: Initialized ObjectStore
25/03/13 09:38:57 WARN ObjectStore: Version information not found in metastore. hive.metastore.schema.verification is not enabled so recording the schema version 1.2.0
25/03/13 09:38:57 WARN ObjectStore: Failed to get database default, returning NoSuchObjectException
25/03/13 09:38:57 INFO HiveMetaStore: Added admin role in metastore
25/03/13 09:38:57 INFO HiveMetaStore: Added public role in metastore
25/03/13 09:38:57 INFO HiveMetaStore: No user is added in admin role, since config is empty
25/03/13 09:38:57 INFO HiveMetaStore: 0: get_all_databases
25/03/13 09:38:57 INFO audit: ugi=khanh	ip=unknown-ip-addr	cmd=get_all_databases	
25/03/13 09:38:57 INFO HiveMetaStore: 0: get_functions: db=default pat=*
25/03/13 09:38:57 INFO audit: ugi=khanh	ip=unknown-ip-addr	cmd=get_functions: db=default pat=*	
25/03/13 09:38:57 INFO Datastore: The class "org.apache.hadoop.hive.metastore.model.MResourceUri" is tagged as "embedded-only" so does not have its own datastore table.
25/03/13 09:38:57 INFO SessionState: Created local directory: C:/Users/khanh/AppData/Local/Temp/faff3aff-6ddc-4133-af80-261bb9c33aff_resources
25/03/13 09:38:57 INFO SessionState: Created HDFS directory: C:/Users/khanh/AppData/Local/spark/spark-2.4.3-bin-hadoop2.7/tmp/hive/khanh/faff3aff-6ddc-4133-af80-261bb9c33aff
25/03/13 09:38:57 INFO SessionState: Created local directory: C:/Users/khanh/AppData/Local/spark/spark-2.4.3-bin-hadoop2.7/tmp/hive/faff3aff-6ddc-4133-af80-261bb9c33aff
25/03/13 09:38:57 INFO SessionState: Created HDFS directory: C:/Users/khanh/AppData/Local/spark/spark-2.4.3-bin-hadoop2.7/tmp/hive/khanh/faff3aff-6ddc-4133-af80-261bb9c33aff/_tmp_space.db
25/03/13 09:38:57 INFO HiveClientImpl: Warehouse location for Hive client (version 1.2.2) is C:/Users/khanh/AppData/Local/spark/spark-2.4.3-bin-hadoop2.7/tmp/hive
25/03/13 09:38:57 INFO HiveMetaStore: 0: get_database: default
25/03/13 09:38:57 INFO audit: ugi=khanh	ip=unknown-ip-addr	cmd=get_database: default	
25/03/13 09:38:57 INFO HiveMetaStore: 0: get_database: global_temp
25/03/13 09:38:57 INFO audit: ugi=khanh	ip=unknown-ip-addr	cmd=get_database: global_temp	
25/03/13 09:38:57 WARN ObjectStore: Failed to get database global_temp, returning NoSuchObjectException
25/03/13 09:38:57 INFO HiveMetaStore: 0: get_database: default
25/03/13 09:38:57 INFO audit: ugi=khanh	ip=unknown-ip-addr	cmd=get_database: default	
25/03/13 09:38:57 INFO HiveMetaStore: 0: get_database: default
25/03/13 09:38:57 INFO audit: ugi=khanh	ip=unknown-ip-addr	cmd=get_database: default	
25/03/13 09:38:57 INFO HiveMetaStore: 0: get_tables: db=default pat=*
25/03/13 09:38:57 INFO audit: ugi=khanh	ip=unknown-ip-addr	cmd=get_tables: db=default pat=*	
25/03/13 09:38:58 INFO CodeGenerator: Code generated in 137.7252 ms
25/03/13 09:42:19 INFO SparkContext: Invoking stop() from shutdown hook
25/03/13 09:42:19 INFO SparkUI: Stopped Spark web UI at http://127.0.0.1:4040
25/03/13 09:42:19 INFO MapOutputTrackerMasterEndpoint: MapOutputTrackerMasterEndpoint stopped!
25/03/13 09:42:19 INFO MemoryStore: MemoryStore cleared
25/03/13 09:42:19 INFO BlockManager: BlockManager stopped
25/03/13 09:42:19 INFO BlockManagerMaster: BlockManagerMaster stopped
25/03/13 09:42:19 INFO OutputCommitCoordinator$OutputCommitCoordinatorEndpoint: OutputCommitCoordinator stopped!
25/03/13 09:42:19 INFO SparkContext: Successfully stopped SparkContext
25/03/13 09:42:19 INFO ShutdownHookManager: Shutdown hook called
25/03/13 09:42:19 INFO ShutdownHookManager: Deleting directory C:\Users\khanh\AppData\Local\Temp\spark-fe75d607-4f43-41f3-b09e-88e2c03f8773
25/03/13 09:42:19 INFO ShutdownHookManager: Deleting directory C:\Users\khanh\AppData\Local\spark\spark-2.4.3-bin-hadoop2.7\tmp\local\spark-5cb83c65-ade9-470f-9296-99a233a93850
